
Chromatic CLI v7.6.0
https://www.chromatic.com/docs/cli

Authenticating with Chromatic
    → Connecting to https://index.chromatic.com
Authenticated with Chromatic
    → Using project token '****************6047'
Retrieving git information
Retrieved git information
    → Commit '46f5ae9' on branch 'main'; found 1 parent build
Collecting Storybook metadata
Collected Storybook metadata
    → Storybook 7.5.3 for Angular; using the @storybook/angular builder (7.5.3); supported addons found: Links, Essentials, Interactions
Initializing build
Initialized build
    → Build 3 initialized
Building your Storybook
    → Running command: npm run build-storybook -- --output-dir /var/folders/g_/nmx9qxwx2d9523k6sgshfg900000gn/T/chromatic--26872-2zYKy5lqLrIs
Storybook built in 15 seconds
    → View build log at /Volumes/development/design_system/design-system-impl-material/build-storybook.log
Publish your built Storybook
    → Validating Storybook files
Publishing your built Storybook
    → Retrieving target location
    → Starting publish
    → [                    ] 1%
    → [=                   ] 4%
    → [=                   ] 6%
    → [=                   ] 7%
    → [==                  ] 10%
    → [==                  ] 12%
    → [===                 ] 14%
    → [===                 ] 15%
    → [====                ] 19%
    → [====                ] 20%
    → [====                ] 21%
    → [====                ] 22%
    → [=====               ] 23%
    → [=====               ] 24%
    → [=====               ] 25%
    → [=====               ] 26%
    → [=====               ] 27%
    → [======              ] 28%
    → [======              ] 30%
    → [======              ] 31%
    → [=======             ] 33%
    → [=======             ] 35%
    → [=======             ] 37%
    → [========            ] 38%
    → [========            ] 39%
    → [========            ] 42%
    → [=========           ] 43%
    → [=========           ] 44%
    → [=========           ] 45%
    → [=========           ] 46%
    → [=========           ] 47%
    → [==========          ] 49%
    → [==========          ] 50%
    → [==========          ] 52%
    → [===========         ] 53%
    → [===========         ] 54%
    → [===========         ] 55%
    → [===========         ] 56%
    → [===========         ] 57%
    → [============        ] 58%
    → [============        ] 60%
    → [============        ] 61%
    → [============        ] 62%
    → [=============       ] 63%
    → [=============       ] 64%
    → [=============       ] 65%
    → [=============       ] 66%
    → [==============      ] 68%
    → [==============      ] 69%
    → [==============      ] 71%
    → [==============      ] 72%
    → [===============     ] 73%
    → [===============     ] 76%
    → [===============     ] 77%
    → [================    ] 78%
    → [================    ] 79%
    → [=================   ] 83%
    → [=================   ] 84%
    → [=================   ] 86%
    → [==================  ] 89%
    → [==================  ] 90%
    → [==================  ] 91%
    → [==================  ] 92%
    → [=================== ] 93%
    → [=================== ] 94%
    → [=================== ] 95%
    → [=================== ] 96%
    → [=================== ] 97%
    → [====================] 98%
    → [====================] 99%
    → [====================] 100%
Publish complete in 26 seconds
    → View your Storybook at https://654cc2cc354afcf785851f03-ooegovfitx.chromatic.com
Verifying your Storybook
    → This may take a few minutes
Started build 3
    → View build details at https://www.chromatic.com/build?appId=654cc2cc354afcf785851f03&number=3
Running 12 tests
    → This may take a few minutes
ℹ Speed up Continuous Integration
Your project is linked to GitHub so Chromatic will report results there.
This means you can pass the --exit-once-uploaded flag to skip waiting for build results.
Read more here: https://www.chromatic.com/docs/cli#chromatic-options
    → [==                  ] 1/12  Active Project › Default 
    → [=======             ] 4/12  Dashboard › Default 
    → [========            ] 5/12  Button › Primary 
    → [============        ] 7/12  Button › Large 
    → [===============     ] 9/12  Header › Logged In 
    → [=================   ] 10/12  Header › Logged Out 
    → [====================] 12/12  Page › Logged In 
✔ Build 3 passed!
No visual changes were found in this build.
ℹ View build details at https://www.chromatic.com/build?appId=654cc2cc354afcf785851f03&number=3
